<?xml version="1.0" encoding="UTF-8"?>
<testng-results skipped="0" failed="0" ignored="0" total="1" passed="1">
  <reporter-output>
  </reporter-output>
  <suite name="Suite" duration-ms="40928" started-at="2020-10-25T07:30:32Z" finished-at="2020-10-25T07:31:13Z">
    <groups>
    </groups>
    <test name="Test" duration-ms="40928" started-at="2020-10-25T07:30:32Z" finished-at="2020-10-25T07:31:13Z">
      <class name="tests.ShopTests">
        <test-method status="PASS" signature="setup()[pri:0, instance:tests.ShopTests@8646db9]" name="setup" is-config="true" duration-ms="7914" started-at="2020-10-25T07:30:32Z" finished-at="2020-10-25T07:30:40Z">
          <reporter-output>
          </reporter-output>
        </test-method> <!-- setup -->
        <test-method status="PASS" signature="navigate_to_homepage_click_on_getstarted()[pri:1, instance:tests.ShopTests@8646db9]" name="navigate_to_homepage_click_on_getstarted" duration-ms="30844" started-at="2020-10-25T07:30:40Z" finished-at="2020-10-25T07:31:11Z">
          <reporter-output>
          </reporter-output>
        </test-method> <!-- navigate_to_homepage_click_on_getstarted -->
        <test-method status="PASS" signature="logout()[pri:0, instance:tests.ShopTests@8646db9]" name="logout" is-config="true" duration-ms="2145" started-at="2020-10-25T07:31:11Z" finished-at="2020-10-25T07:31:13Z">
          <reporter-output>
          </reporter-output>
        </test-method> <!-- logout -->
      </class> <!-- tests.ShopTests -->
    </test> <!-- Test -->
  </suite> <!-- Suite -->
</testng-results>
